<?xml version="1.0" encoding="UTF-8"?>
<!-- Generated by org.testng.reporters.JUnitReportReporter -->
<testsuite skipped="0" hostname="VarshaS" name="Testcase.Testcase" tests="1" failures="0" timestamp="20 Mar 2020 16:12:24 GMT" time="21.664" errors="0">
  <testcase name="TC_01" time="21.664" classname="Testcase.Testcase"/>
</testsuite> <!-- Testcase.Testcase -->
